<?xml version="1.0" encoding="UTF-8"?>
<Site BuildName="(empty)"
	BuildStamp="20230405-2324-Experimental"
	Name="(empty)"
	Generator="ctest-3.25.1"
	CompilerName=""
	CompilerVersion=""
	OSName="Windows"
	Hostname="Envy"
	OSRelease=" Personal"
	OSVersion=" (Build 22621)"
	OSPlatform="AMD64"
	Is64Bits="1"
	VendorString=""
	VendorID="Unknown Manufacturer"
	FamilyID="0"
	ModelID="0"
	ProcessorCacheSize="0"
	NumberOfLogicalCPU="12"
	NumberOfPhysicalCPU="10"
	TotalVirtualMemory="25311"
	TotalPhysicalMemory="16095"
	LogicalProcessorsPerPhysical="1"
	ProcessorClockFrequency="2496"
	>
	<Testing>
		<StartDateTime>Apr 05 19:54 Eastern Daylight Time</StartDateTime>
		<StartTestTime>1680738876</StartTestTime>
		<TestList>
			<Test>./test00</Test>
			<Test>./test00-compare</Test>
			<Test>./test-queue</Test>
			<Test>./test01-compare</Test>
			<Test>./test02-compare</Test>
			<Test>./test01</Test>
			<Test>./test02</Test>
		</TestList>
		<Test Status="passed">
			<Name>test00</Name>
			<Path>.</Path>
			<FullName>./test00</FullName>
			<FullCommandLine>C:\Users\zdavi\OneDrive\Documents\ECE302C++\starter-code-ece0302\projects\project4\build\pathfinder.exe "C:/Users/zdavi/OneDrive/Documents/ECE302C++/starter-code-ece0302/projects/project4/tests/maze00.png" "output00.png"</FullCommandLine>
			<Results>
				<NamedMeasurement type="numeric/double" name="Execution Time">
					<Value>0.013611</Value>
				</NamedMeasurement>
				<NamedMeasurement type="numeric/double" name="Processors">
					<Value>1</Value>
				</NamedMeasurement>
				<NamedMeasurement type="text/string" name="Completion Status">
					<Value>Completed</Value>
				</NamedMeasurement>
				<NamedMeasurement type="text/string" name="Command Line">
					<Value>C:\Users\zdavi\OneDrive\Documents\ECE302C++\starter-code-ece0302\projects\project4\build\pathfinder.exe "C:/Users/zdavi/OneDrive/Documents/ECE302C++/starter-code-ece0302/projects/project4/tests/maze00.png" "output00.png"</Value>
				</NamedMeasurement>
				<NamedMeasurement type="text/string" name="Environment">
					<Value>#CTEST_RESOURCE_GROUP_COUNT=</Value>
				</NamedMeasurement>
				<Measurement>
					<Value></Value>
				</Measurement>
			</Results>
		</Test>
		<Test Status="failed">
			<Name>test00-compare</Name>
			<Path>.</Path>
			<FullName>./test00-compare</FullName>
			<FullCommandLine>C:\Users\zdavi\OneDrive\Documents\ECE302C++\starter-code-ece0302\projects\project4\build\compare.exe "C:/Users/zdavi/OneDrive/Documents/ECE302C++/starter-code-ece0302/projects/project4/tests/output00.png" "output00.png"</FullCommandLine>
			<Results>
				<NamedMeasurement type="text/string" name="Exit Code">
					<Value>Failed</Value>
				</NamedMeasurement>
				<NamedMeasurement type="text/string" name="Exit Value">
					<Value>1</Value>
				</NamedMeasurement>
				<NamedMeasurement type="numeric/double" name="Execution Time">
					<Value>0.0670888</Value>
				</NamedMeasurement>
				<NamedMeasurement type="numeric/double" name="Processors">
					<Value>1</Value>
				</NamedMeasurement>
				<NamedMeasurement type="text/string" name="Completion Status">
					<Value>Completed</Value>
				</NamedMeasurement>
				<NamedMeasurement type="text/string" name="Command Line">
					<Value>C:\Users\zdavi\OneDrive\Documents\ECE302C++\starter-code-ece0302\projects\project4\build\compare.exe "C:/Users/zdavi/OneDrive/Documents/ECE302C++/starter-code-ece0302/projects/project4/tests/output00.png" "output00.png"</Value>
				</NamedMeasurement>
				<NamedMeasurement type="text/string" name="Environment">
					<Value>#CTEST_RESOURCE_GROUP_COUNT=</Value>
				</NamedMeasurement>
				<Measurement>
					<Value>failed to open file for reading
</Value>
				</Measurement>
			</Results>
		</Test>
		<Test Status="passed">
			<Name>test-queue</Name>
			<Path>.</Path>
			<FullName>./test-queue</FullName>
			<FullCommandLine>C:\Users\zdavi\OneDrive\Documents\ECE302C++\starter-code-ece0302\projects\project4\build\test-queue.exe</FullCommandLine>
			<Results>
				<NamedMeasurement type="numeric/double" name="Execution Time">
					<Value>0.0236576</Value>
				</NamedMeasurement>
				<NamedMeasurement type="numeric/double" name="Processors">
					<Value>1</Value>
				</NamedMeasurement>
				<NamedMeasurement type="text/string" name="Completion Status">
					<Value>Completed</Value>
				</NamedMeasurement>
				<NamedMeasurement type="text/string" name="Command Line">
					<Value>C:\Users\zdavi\OneDrive\Documents\ECE302C++\starter-code-ece0302\projects\project4\build\test-queue.exe</Value>
				</NamedMeasurement>
				<NamedMeasurement type="text/string" name="Environment">
					<Value>#CTEST_RESOURCE_GROUP_COUNT=</Value>
				</NamedMeasurement>
				<Measurement>
					<Value encoding="base64" compression="gzip">eJyztaUq4HLMyVEoSS0uKVYoSCwuTk1R0DA0VQCxikoy8/OKFTLzFAzBChSSE4tTNbm4AErOIyQ=</Value>
				</Measurement>
			</Results>
		</Test>
		<Test Status="failed">
			<Name>test01-compare</Name>
			<Path>.</Path>
			<FullName>./test01-compare</FullName>
			<FullCommandLine>C:\Users\zdavi\OneDrive\Documents\ECE302C++\starter-code-ece0302\projects\project4\build\compare.exe "C:/Users/zdavi/OneDrive/Documents/ECE302C++/starter-code-ece0302/projects/project4/tests/output01.png" "output01.png"</FullCommandLine>
			<Results>
				<NamedMeasurement type="text/string" name="Exit Code">
					<Value>Failed</Value>
				</NamedMeasurement>
				<NamedMeasurement type="text/string" name="Exit Value">
					<Value>1</Value>
				</NamedMeasurement>
				<NamedMeasurement type="numeric/double" name="Execution Time">
					<Value>0.0721793</Value>
				</NamedMeasurement>
				<NamedMeasurement type="numeric/double" name="Processors">
					<Value>1</Value>
				</NamedMeasurement>
				<NamedMeasurement type="text/string" name="Completion Status">
					<Value>Completed</Value>
				</NamedMeasurement>
				<NamedMeasurement type="text/string" name="Command Line">
					<Value>C:\Users\zdavi\OneDrive\Documents\ECE302C++\starter-code-ece0302\projects\project4\build\compare.exe "C:/Users/zdavi/OneDrive/Documents/ECE302C++/starter-code-ece0302/projects/project4/tests/output01.png" "output01.png"</Value>
				</NamedMeasurement>
				<NamedMeasurement type="text/string" name="Environment">
					<Value>#CTEST_RESOURCE_GROUP_COUNT=</Value>
				</NamedMeasurement>
				<Measurement>
					<Value>failed to open file for reading
</Value>
				</Measurement>
			</Results>
		</Test>
		<Test Status="failed">
			<Name>test02-compare</Name>
			<Path>.</Path>
			<FullName>./test02-compare</FullName>
			<FullCommandLine>C:\Users\zdavi\OneDrive\Documents\ECE302C++\starter-code-ece0302\projects\project4\build\compare.exe "C:/Users/zdavi/OneDrive/Documents/ECE302C++/starter-code-ece0302/projects/project4/tests/output02.png" "output02.png"</FullCommandLine>
			<Results>
				<NamedMeasurement type="text/string" name="Exit Code">
					<Value>Failed</Value>
				</NamedMeasurement>
				<NamedMeasurement type="text/string" name="Exit Value">
					<Value>1</Value>
				</NamedMeasurement>
				<NamedMeasurement type="numeric/double" name="Execution Time">
					<Value>0.0705493</Value>
				</NamedMeasurement>
				<NamedMeasurement type="numeric/double" name="Processors">
					<Value>1</Value>
				</NamedMeasurement>
				<NamedMeasurement type="text/string" name="Completion Status">
					<Value>Completed</Value>
				</NamedMeasurement>
				<NamedMeasurement type="text/string" name="Command Line">
					<Value>C:\Users\zdavi\OneDrive\Documents\ECE302C++\starter-code-ece0302\projects\project4\build\compare.exe "C:/Users/zdavi/OneDrive/Documents/ECE302C++/starter-code-ece0302/projects/project4/tests/output02.png" "output02.png"</Value>
				</NamedMeasurement>
				<NamedMeasurement type="text/string" name="Environment">
					<Value>#CTEST_RESOURCE_GROUP_COUNT=</Value>
				</NamedMeasurement>
				<Measurement>
					<Value>failed to open file for reading
</Value>
				</Measurement>
			</Results>
		</Test>
		<Test Status="failed">
			<Name>test01</Name>
			<Path>.</Path>
			<FullName>./test01</FullName>
			<FullCommandLine>C:\Users\zdavi\OneDrive\Documents\ECE302C++\starter-code-ece0302\projects\project4\build\pathfinder.exe "C:/Users/zdavi/OneDrive/Documents/ECE302C++/starter-code-ece0302/projects/project4/tests/maze01.png" "output01.png"</FullCommandLine>
			<Results>
				<NamedMeasurement type="text/string" name="Exit Code">
					<Value>SEGFAULT</Value>
				</NamedMeasurement>
				<NamedMeasurement type="text/string" name="Exit Value">
					<Value>3221225725</Value>
				</NamedMeasurement>
				<NamedMeasurement type="numeric/double" name="Execution Time">
					<Value>558.136</Value>
				</NamedMeasurement>
				<NamedMeasurement type="numeric/double" name="Processors">
					<Value>1</Value>
				</NamedMeasurement>
				<NamedMeasurement type="text/string" name="Completion Status">
					<Value>Completed</Value>
				</NamedMeasurement>
				<NamedMeasurement type="text/string" name="Command Line">
					<Value>C:\Users\zdavi\OneDrive\Documents\ECE302C++\starter-code-ece0302\projects\project4\build\pathfinder.exe "C:/Users/zdavi/OneDrive/Documents/ECE302C++/starter-code-ece0302/projects/project4/tests/maze01.png" "output01.png"</Value>
				</NamedMeasurement>
				<NamedMeasurement type="text/string" name="Environment">
					<Value>#CTEST_RESOURCE_GROUP_COUNT=</Value>
				</NamedMeasurement>
				<Measurement>
					<Value></Value>
				</Measurement>
			</Results>
		</Test>
		<Test Status="failed">
			<Name>test02</Name>
			<Path>.</Path>
			<FullName>./test02</FullName>
			<FullCommandLine>C:\Users\zdavi\OneDrive\Documents\ECE302C++\starter-code-ece0302\projects\project4\build\pathfinder.exe "C:/Users/zdavi/OneDrive/Documents/ECE302C++/starter-code-ece0302/projects/project4/tests/maze02.png" "output02.png"</FullCommandLine>
			<Results>
				<NamedMeasurement type="text/string" name="Exit Code">
					<Value>SEGFAULT</Value>
				</NamedMeasurement>
				<NamedMeasurement type="text/string" name="Exit Value">
					<Value>3221225725</Value>
				</NamedMeasurement>
				<NamedMeasurement type="numeric/double" name="Execution Time">
					<Value>570.853</Value>
				</NamedMeasurement>
				<NamedMeasurement type="numeric/double" name="Processors">
					<Value>1</Value>
				</NamedMeasurement>
				<NamedMeasurement type="text/string" name="Completion Status">
					<Value>Completed</Value>
				</NamedMeasurement>
				<NamedMeasurement type="text/string" name="Command Line">
					<Value>C:\Users\zdavi\OneDrive\Documents\ECE302C++\starter-code-ece0302\projects\project4\build\pathfinder.exe "C:/Users/zdavi/OneDrive/Documents/ECE302C++/starter-code-ece0302/projects/project4/tests/maze02.png" "output02.png"</Value>
				</NamedMeasurement>
				<NamedMeasurement type="text/string" name="Environment">
					<Value>#CTEST_RESOURCE_GROUP_COUNT=</Value>
				</NamedMeasurement>
				<Measurement>
					<Value></Value>
				</Measurement>
			</Results>
		</Test>
		<EndDateTime>Apr 05 20:04 Eastern Daylight Time</EndDateTime>
		<EndTestTime>1680739447</EndTestTime>
		<ElapsedMinutes>9</ElapsedMinutes>
	</Testing>
</Site>
