Start testing: Apr 06 10:28 Eastern Daylight Time
----------------------------------------------------------
3/7 Testing: test00-compare
3/7 Test: test00-compare
Command: "C:/Users/zdavi/OneDrive/Documents/ECE302C++/starter-code-ece0302/projects/project4/build/compare.exe" "C:/Users/zdavi/OneDrive/Documents/ECE302C++/starter-code-ece0302/projects/project4/tests/output00.png" "output00.png"
Directory: C:/Users/zdavi/OneDrive/Documents/ECE302C++/starter-code-ece0302/projects/project4/build
"test00-compare" start time: Apr 06 10:28 Eastern Daylight Time
Output:
----------------------------------------------------------
Images identical.
<end of output>
Test time =   0.04 sec
----------------------------------------------------------
Test Passed.
"test00-compare" end time: Apr 06 10:28 Eastern Daylight Time
"test00-compare" time elapsed: 00:00:00
----------------------------------------------------------

1/7 Testing: test-queue
1/7 Test: test-queue
Command: "C:/Users/zdavi/OneDrive/Documents/ECE302C++/starter-code-ece0302/projects/project4/build/test-queue.exe"
Directory: C:/Users/zdavi/OneDrive/Documents/ECE302C++/starter-code-ece0302/projects/project4/build
"test-queue" start time: Apr 06 10:28 Eastern Daylight Time
Output:
----------------------------------------------------------
===============================================================================
All tests passed (15 assertions in 1 test case)

<end of output>
Test time =   0.04 sec
----------------------------------------------------------
Test Passed.
"test-queue" end time: Apr 06 10:28 Eastern Daylight Time
"test-queue" time elapsed: 00:00:00
----------------------------------------------------------

2/7 Testing: test00
2/7 Test: test00
Command: "C:/Users/zdavi/OneDrive/Documents/ECE302C++/starter-code-ece0302/projects/project4/build/pathfinder.exe" "C:/Users/zdavi/OneDrive/Documents/ECE302C++/starter-code-ece0302/projects/project4/tests/maze00.png" "output00.png"
Directory: C:/Users/zdavi/OneDrive/Documents/ECE302C++/starter-code-ece0302/projects/project4/build
"test00" start time: Apr 06 10:28 Eastern Daylight Time
Output:
----------------------------------------------------------
Solution Exists
<end of output>
Test time =   0.03 sec
----------------------------------------------------------
Test Passed.
"test00" end time: Apr 06 10:28 Eastern Daylight Time
"test00" time elapsed: 00:00:00
----------------------------------------------------------

5/7 Testing: test01-compare
5/7 Test: test01-compare
Command: "C:/Users/zdavi/OneDrive/Documents/ECE302C++/starter-code-ece0302/projects/project4/build/compare.exe" "C:/Users/zdavi/OneDrive/Documents/ECE302C++/starter-code-ece0302/projects/project4/tests/output01.png" "output01.png"
Directory: C:/Users/zdavi/OneDrive/Documents/ECE302C++/starter-code-ece0302/projects/project4/build
"test01-compare" start time: Apr 06 10:28 Eastern Daylight Time
Output:
----------------------------------------------------------
Images identical.
<end of output>
Test time =   0.25 sec
----------------------------------------------------------
Test Passed.
"test01-compare" end time: Apr 06 10:28 Eastern Daylight Time
"test01-compare" time elapsed: 00:00:00
----------------------------------------------------------

7/7 Testing: test02-compare
7/7 Test: test02-compare
Command: "C:/Users/zdavi/OneDrive/Documents/ECE302C++/starter-code-ece0302/projects/project4/build/compare.exe" "C:/Users/zdavi/OneDrive/Documents/ECE302C++/starter-code-ece0302/projects/project4/tests/output02.png" "output02.png"
Directory: C:/Users/zdavi/OneDrive/Documents/ECE302C++/starter-code-ece0302/projects/project4/build
"test02-compare" start time: Apr 06 10:28 Eastern Daylight Time
Output:
----------------------------------------------------------
Images identical.
<end of output>
Test time =   0.27 sec
----------------------------------------------------------
Test Passed.
"test02-compare" end time: Apr 06 10:28 Eastern Daylight Time
"test02-compare" time elapsed: 00:00:00
----------------------------------------------------------

4/7 Testing: test01
4/7 Test: test01
Command: "C:/Users/zdavi/OneDrive/Documents/ECE302C++/starter-code-ece0302/projects/project4/build/pathfinder.exe" "C:/Users/zdavi/OneDrive/Documents/ECE302C++/starter-code-ece0302/projects/project4/tests/maze01.png" "output01.png"
Directory: C:/Users/zdavi/OneDrive/Documents/ECE302C++/starter-code-ece0302/projects/project4/build
"test01" start time: Apr 06 10:28 Eastern Daylight Time
Output:
----------------------------------------------------------
No Solution
<end of output>
Test time =   0.45 sec
----------------------------------------------------------
Test Passed.
"test01" end time: Apr 06 10:28 Eastern Daylight Time
"test01" time elapsed: 00:00:00
----------------------------------------------------------

6/7 Testing: test02
6/7 Test: test02
Command: "C:/Users/zdavi/OneDrive/Documents/ECE302C++/starter-code-ece0302/projects/project4/build/pathfinder.exe" "C:/Users/zdavi/OneDrive/Documents/ECE302C++/starter-code-ece0302/projects/project4/tests/maze02.png" "output02.png"
Directory: C:/Users/zdavi/OneDrive/Documents/ECE302C++/starter-code-ece0302/projects/project4/build
"test02" start time: Apr 06 10:28 Eastern Daylight Time
Output:
----------------------------------------------------------
Solution Exists
<end of output>
Test time =   0.73 sec
----------------------------------------------------------
Test Passed.
"test02" end time: Apr 06 10:28 Eastern Daylight Time
"test02" time elapsed: 00:00:00
----------------------------------------------------------

End testing: Apr 06 10:28 Eastern Daylight Time
