Start testing: Apr 05 19:54 Eastern Daylight Time
----------------------------------------------------------
2/7 Testing: test00
2/7 Test: test00
Command: "C:/Users/zdavi/OneDrive/Documents/ECE302C++/starter-code-ece0302/projects/project4/build/pathfinder.exe" "C:/Users/zdavi/OneDrive/Documents/ECE302C++/starter-code-ece0302/projects/project4/tests/maze00.png" "output00.png"
Directory: C:/Users/zdavi/OneDrive/Documents/ECE302C++/starter-code-ece0302/projects/project4/build
"test00" start time: Apr 05 19:54 Eastern Daylight Time
Output:
----------------------------------------------------------
<end of output>
Test time =   0.01 sec
----------------------------------------------------------
Test Passed.
"test00" end time: Apr 05 19:54 Eastern Daylight Time
"test00" time elapsed: 00:00:00
----------------------------------------------------------

3/7 Testing: test00-compare
3/7 Test: test00-compare
Command: "C:/Users/zdavi/OneDrive/Documents/ECE302C++/starter-code-ece0302/projects/project4/build/compare.exe" "C:/Users/zdavi/OneDrive/Documents/ECE302C++/starter-code-ece0302/projects/project4/tests/output00.png" "output00.png"
Directory: C:/Users/zdavi/OneDrive/Documents/ECE302C++/starter-code-ece0302/projects/project4/build
"test00-compare" start time: Apr 05 19:54 Eastern Daylight Time
Output:
----------------------------------------------------------
failed to open file for reading
<end of output>
Test time =   0.07 sec
----------------------------------------------------------
Test Failed.
"test00-compare" end time: Apr 05 19:54 Eastern Daylight Time
"test00-compare" time elapsed: 00:00:00
----------------------------------------------------------

1/7 Testing: test-queue
1/7 Test: test-queue
Command: "C:/Users/zdavi/OneDrive/Documents/ECE302C++/starter-code-ece0302/projects/project4/build/test-queue.exe"
Directory: C:/Users/zdavi/OneDrive/Documents/ECE302C++/starter-code-ece0302/projects/project4/build
"test-queue" start time: Apr 05 19:54 Eastern Daylight Time
Output:
----------------------------------------------------------
===============================================================================
All tests passed (15 assertions in 1 test case)

<end of output>
Test time =   0.02 sec
----------------------------------------------------------
Test Passed.
"test-queue" end time: Apr 05 19:54 Eastern Daylight Time
"test-queue" time elapsed: 00:00:00
----------------------------------------------------------

5/7 Testing: test01-compare
5/7 Test: test01-compare
Command: "C:/Users/zdavi/OneDrive/Documents/ECE302C++/starter-code-ece0302/projects/project4/build/compare.exe" "C:/Users/zdavi/OneDrive/Documents/ECE302C++/starter-code-ece0302/projects/project4/tests/output01.png" "output01.png"
Directory: C:/Users/zdavi/OneDrive/Documents/ECE302C++/starter-code-ece0302/projects/project4/build
"test01-compare" start time: Apr 05 19:54 Eastern Daylight Time
Output:
----------------------------------------------------------
failed to open file for reading
<end of output>
Test time =   0.07 sec
----------------------------------------------------------
Test Failed.
"test01-compare" end time: Apr 05 19:54 Eastern Daylight Time
"test01-compare" time elapsed: 00:00:00
----------------------------------------------------------

7/7 Testing: test02-compare
7/7 Test: test02-compare
Command: "C:/Users/zdavi/OneDrive/Documents/ECE302C++/starter-code-ece0302/projects/project4/build/compare.exe" "C:/Users/zdavi/OneDrive/Documents/ECE302C++/starter-code-ece0302/projects/project4/tests/output02.png" "output02.png"
Directory: C:/Users/zdavi/OneDrive/Documents/ECE302C++/starter-code-ece0302/projects/project4/build
"test02-compare" start time: Apr 05 19:54 Eastern Daylight Time
Output:
----------------------------------------------------------
failed to open file for reading
<end of output>
Test time =   0.07 sec
----------------------------------------------------------
Test Failed.
"test02-compare" end time: Apr 05 19:54 Eastern Daylight Time
"test02-compare" time elapsed: 00:00:00
----------------------------------------------------------

4/7 Testing: test01
4/7 Test: test01
Command: "C:/Users/zdavi/OneDrive/Documents/ECE302C++/starter-code-ece0302/projects/project4/build/pathfinder.exe" "C:/Users/zdavi/OneDrive/Documents/ECE302C++/starter-code-ece0302/projects/project4/tests/maze01.png" "output01.png"
Directory: C:/Users/zdavi/OneDrive/Documents/ECE302C++/starter-code-ece0302/projects/project4/build
"test01" start time: Apr 05 19:54 Eastern Daylight Time
Output:
----------------------------------------------------------
<end of output>
Test time = 558.14 sec
----------------------------------------------------------
Test Failed.
"test01" end time: Apr 05 20:03 Eastern Daylight Time
"test01" time elapsed: 00:09:18
----------------------------------------------------------

6/7 Testing: test02
6/7 Test: test02
Command: "C:/Users/zdavi/OneDrive/Documents/ECE302C++/starter-code-ece0302/projects/project4/build/pathfinder.exe" "C:/Users/zdavi/OneDrive/Documents/ECE302C++/starter-code-ece0302/projects/project4/tests/maze02.png" "output02.png"
Directory: C:/Users/zdavi/OneDrive/Documents/ECE302C++/starter-code-ece0302/projects/project4/build
"test02" start time: Apr 05 19:54 Eastern Daylight Time
Output:
----------------------------------------------------------
<end of output>
Test time = 570.85 sec
----------------------------------------------------------
Test Failed.
"test02" end time: Apr 05 20:04 Eastern Daylight Time
"test02" time elapsed: 00:09:30
----------------------------------------------------------

End testing: Apr 05 20:04 Eastern Daylight Time
