<?xml version="1.0" encoding="UTF-8"?>
<Site BuildName="(empty)"
	BuildStamp="20230409-1938-Experimental"
	Name="(empty)"
	Generator="ctest-3.25.1"
	CompilerName=""
	CompilerVersion=""
	OSName="Windows"
	Hostname="Envy"
	OSRelease=" Personal"
	OSVersion=" (Build 22621)"
	OSPlatform="AMD64"
	Is64Bits="1"
	VendorString=""
	VendorID="Unknown Manufacturer"
	FamilyID="0"
	ModelID="0"
	ProcessorCacheSize="0"
	NumberOfLogicalCPU="12"
	NumberOfPhysicalCPU="10"
	TotalVirtualMemory="25311"
	TotalPhysicalMemory="16095"
	LogicalProcessorsPerPhysical="1"
	ProcessorClockFrequency="2496"
	>
	<Testing>
		<StartDateTime>Apr 09 15:38 Eastern Daylight Time</StartDateTime>
		<StartTestTime>1681069126</StartTestTime>
		<TestList>
			<Test>./test-bst</Test>
		</TestList>
		<Test Status="passed">
			<Name>test-bst</Name>
			<Path>.</Path>
			<FullName>./test-bst</FullName>
			<FullCommandLine>C:\Users\zdavi\OneDrive\Documents\ECE302C++\starter-code-ece0302\programming_problems\problem08\binary_search_tree\build\test-bst.exe</FullCommandLine>
			<Results>
				<NamedMeasurement type="numeric/double" name="Execution Time">
					<Value>0.0300959</Value>
				</NamedMeasurement>
				<NamedMeasurement type="numeric/double" name="Processors">
					<Value>1</Value>
				</NamedMeasurement>
				<NamedMeasurement type="text/string" name="Completion Status">
					<Value>Completed</Value>
				</NamedMeasurement>
				<NamedMeasurement type="text/string" name="Command Line">
					<Value>C:\Users\zdavi\OneDrive\Documents\ECE302C++\starter-code-ece0302\programming_problems\problem08\binary_search_tree\build\test-bst.exe</Value>
				</NamedMeasurement>
				<NamedMeasurement type="text/string" name="Environment">
					<Value>#CTEST_RESOURCE_GROUP_COUNT=</Value>
				</NamedMeasurement>
				<Measurement>
					<Value encoding="base64" compression="gzip">eJyztaUq4HLMyVEoSS0uKVYoSCwuTk1R0DAyUACxikoy8/OKFTLzFMzAChSSE4tTizW5uABvUSOY====</Value>
				</Measurement>
			</Results>
		</Test>
		<EndDateTime>Apr 09 15:38 Eastern Daylight Time</EndDateTime>
		<EndTestTime>1681069126</EndTestTime>
		<ElapsedMinutes>0</ElapsedMinutes>
	</Testing>
</Site>
